C51 COMPILER V9.60.0.0   I2CFIELDS                                                         07/15/2022 11:35:26 PAGE 1   


C51 COMPILER V9.60.0.0, COMPILATION OF MODULE I2CFIELDS
OBJECT MODULE PLACED IN .\Objects\i2cFields.obj
COMPILER INVOKED BY: C:\Keil_v5\C51\BIN\C51.EXE i2cFields.c OPTIMIZE(8,SPEED) BROWSE DEBUG OBJECTEXTEND PRINT(.\Listings
                    -\i2cFields.lst) TABS(2) OBJECT(.\Objects\i2cFields.obj)

line level    source

   1          #include "header.h"
   2          
   3          void i2cStart(void) {
   4   1        SCL = 1;
   5   1        SDA = 1;    //While SCL is 1, SDA transition from 1 to 0
   6   1        SDA = 0;    
   7   1      }
   8          
   9          void i2cStop(void) {
  10   1        SCL = 0;
  11   1        SDA = 0;
  12   1        SCL = 1;    //While SCL is high SDA transition from LOW to HIGH
  13   1        SDA = 1;
  14   1      }
  15          
  16          void i2cWrite(u8 d) {
  17   1        s8 i;
  18   1        for(i=7;i>=0;i--) {
  19   2          SCL = 0;
  20   2          SDA = d&(1<<i);
  21   2          SCL = 1;
  22   2        }
  23   1      }
  24          
  25          u8 i2cRead(void) {
  26   1        s8 i;
  27   1        u8 temp = 0;
  28   1        for(i=7;i>=0;i--) {
  29   2          SCL = 1;
  30   2          if(SDA == 1) 
  31   2            temp |= (1<<i);
  32   2          SCL = 0;
  33   2        }
  34   1        return temp;
  35   1      }
  36          
  37          bit i2cAck(void) {
  38   1        SCL = 0;
  39   1        SDA = 1;
  40   1        SCL = 1;
  41   1        _nop_();
  42   1        _nop_();
  43   1        _nop_();
  44   1        _nop_();
  45   1        if(SDA==0){
  46   2          SCL = 0;
  47   2          return 0; // if ACK
  48   2        }
  49   1        else {
  50   2          SCL = 0;
  51   2          return 1;
  52   2        }
  53   1      }
  54          
C51 COMPILER V9.60.0.0   I2CFIELDS                                                         07/15/2022 11:35:26 PAGE 2   

  55          void i2cNoAck(void) {
  56   1        SCL = 0;
  57   1        SDA = 1;
  58   1        SCL = 1;
  59   1      }


MODULE INFORMATION:   STATIC OVERLAYABLE
   CODE SIZE        =    133    ----
   CONSTANT SIZE    =   ----    ----
   XDATA SIZE       =   ----    ----
   PDATA SIZE       =   ----    ----
   DATA SIZE        =   ----    ----
   IDATA SIZE       =   ----    ----
   BIT SIZE         =   ----    ----
END OF MODULE INFORMATION.


C51 COMPILATION COMPLETE.  0 WARNING(S),  0 ERROR(S)
