C51 COMPILER V9.60.0.0   LCDDRIVER                                                         07/15/2022 11:35:26 PAGE 1   


C51 COMPILER V9.60.0.0, COMPILATION OF MODULE LCDDRIVER
OBJECT MODULE PLACED IN .\Objects\lcdDriver.obj
COMPILER INVOKED BY: C:\Keil_v5\C51\BIN\C51.EXE lcdDriver.c OPTIMIZE(8,SPEED) BROWSE DEBUG OBJECTEXTEND PRINT(.\Listings
                    -\lcdDriver.lst) TABS(2) OBJECT(.\Objects\lcdDriver.obj)

line level    source

   1          /*LCD_Driver*/
   2          
   3          #include "header.h"
   4          
   5          void lcdData( u8 d) {
   6   1        LCD = d;
   7   1        RS = 1;
   8   1        RW = 0;
   9   1        EN = 1;
  10   1          delayMs(2);
  11   1        EN =0;
  12   1      }
  13          
  14          void lcdCmd( u8 cmd) {
  15   1        LCD = cmd;
  16   1        RS = 0;
  17   1        RW = 0;
  18   1        EN =1;
  19   1          delayMs(2);
  20   1        EN =0;
  21   1      } 
  22          
  23          void lcdInit(void) {
  24   1        lcdCmd(0x01);
  25   1        lcdCmd(0x02);
  26   1        lcdCmd(0x38);
  27   1        lcdCmd(0x80);
  28   1        lcdCmd(0x0C);// Cursor OFF
  29   1      }
  30          
  31          void lcdString( char * str) {
  32   1        while(*str)
  33   1          lcdData(*str++);
  34   1      }


MODULE INFORMATION:   STATIC OVERLAYABLE
   CODE SIZE        =     98    ----
   CONSTANT SIZE    =   ----    ----
   XDATA SIZE       =   ----    ----
   PDATA SIZE       =   ----    ----
   DATA SIZE        =   ----       3
   IDATA SIZE       =   ----    ----
   BIT SIZE         =   ----    ----
END OF MODULE INFORMATION.


C51 COMPILATION COMPLETE.  0 WARNING(S),  0 ERROR(S)
