C51 COMPILER V9.60.0.0   MAIN                                                              07/15/2022 11:35:26 PAGE 1   


C51 COMPILER V9.60.0.0, COMPILATION OF MODULE MAIN
OBJECT MODULE PLACED IN .\Objects\main.obj
COMPILER INVOKED BY: C:\Keil_v5\C51\BIN\C51.EXE main.c OPTIMIZE(8,SPEED) BROWSE DEBUG OBJECTEXTEND PRINT(.\Listings\main
                    -.lst) TABS(2) OBJECT(.\Objects\main.obj)

line level    source

   1          #include "header.h"
   2          
   3          u8 hour=0,min=0,sec=0,date=1,month=1,year=1,dayofWeak=1;
   4          char DOW[][4] = {"SUN","MON","TUE","WED","THU","FRI","SAT"};
   5          
   6          main() {
   7   1        enableInt0(); //Enable Externel Interrupt 0
   8   1        lcdInit();  //Initializing LCD
   9   1        setTime();
  10   1        setDate();
  11   1        //Get the time and printing on lcd
  12   1        while(1) {
  13   2          hour = i2c_byte_read_frame(0xD0,0x2);
  14   2          min  = i2c_byte_read_frame(0xD0,0x1);
  15   2          sec  = i2c_byte_read_frame(0xD0,0x0);
  16   2          dayofWeak = i2c_byte_read_frame(0xD0,0x3);
  17   2          date = i2c_byte_read_frame(0xD0,0x4);
  18   2          month = i2c_byte_read_frame(0xD0,0x5);
  19   2          year = i2c_byte_read_frame(0xD0,0x6);
  20   2          lcdCmd(0x80);
  21   2          lcdData((date/10)+48);
  22   2          lcdData((date%10)+48);
  23   2          lcdData('/');
  24   2          lcdData((month/10)+48);
  25   2          lcdData((month%10)+48);
  26   2          lcdData('/');
  27   2          lcdData((year/10)+48);
  28   2          lcdData((year%10)+48);
  29   2          lcdString("    ");
  30   2          lcdString(DOW[dayofWeak-1]);
  31   2          
  32   2          
  33   2          lcdCmd(0xC0);
  34   2          lcdData((hour/10)+48);
  35   2          lcdData((hour%10)+48);
  36   2          lcdData(':');
  37   2          
  38   2          lcdData((min/10)+48);
  39   2          lcdData((min%10)+48);
  40   2          lcdData(':');
  41   2          
  42   2          lcdData((sec/10)+48);
  43   2          lcdData((sec%10)+48);
  44   2        }
  45   1        
  46   1      
  47   1      }


MODULE INFORMATION:   STATIC OVERLAYABLE
   CODE SIZE        =    288    ----
   CONSTANT SIZE    =      5    ----
   XDATA SIZE       =   ----    ----
   PDATA SIZE       =   ----    ----
C51 COMPILER V9.60.0.0   MAIN                                                              07/15/2022 11:35:26 PAGE 2   

   DATA SIZE        =     35    ----
   IDATA SIZE       =   ----    ----
   BIT SIZE         =   ----    ----
END OF MODULE INFORMATION.


C51 COMPILATION COMPLETE.  0 WARNING(S),  0 ERROR(S)
